# JRE version: 7.0_11-b21
# Java VM: Java HotSpot(TM) Client VM (23.6-b04 mixed mode windows-x86 )
Heap
 def new generation   total 38592K, used 34368K [0x02b10000, 0x054e0000, 0x18060000)
  eden space 34368K, 100% used [0x02b10000, 0x04ca0000, 0x04ca0000)
  from space 4224K,   0% used [0x04ca0000, 0x04ca0000, 0x050c0000)
  to   space 4224K, 100% used [0x050c0000, 0x054e0000, 0x054e0000)
 tenured generation   total 98244K, used 98242K [0x18060000, 0x1e071000, 0x42b10000)
   the space 98244K,  99% used [0x18060000, 0x1e050af0, 0x1e050c00, 0x1e051000)
 compacting perm gen  total 12288K, used 3596K [0x42b10000, 0x43710000, 0x46b10000)
   the space 12288K,  29% used [0x42b10000, 0x42e930b8, 0x42e93200, 0x43710000)
GC Heap History (10 events):
Event: 3.808 GC heap after
Heap after GC invocations=38 (full 5):
 def new generation   total 37952K, used 4160K [0x02b10000, 0x05430000, 0x18060000)
  eden space 33792K,   0% used [0x02b10000, 0x02b10000, 0x04c10000)
  from space 4160K, 100% used [0x04c10000, 0x05020000, 0x05020000)
  to   space 4160K,   0% used [0x05020000, 0x05020000, 0x05430000)
 tenured generation   total 84160K, used 59062K [0x18060000, 0x1d290000, 0x42b10000)
   the space 84160K,  70% used [0x18060000, 0x1ba0d810, 0x1ba0da00, 0x1d290000)
 compacting perm gen  total 12288K, used 3592K [0x42b10000, 0x43710000, 0x46b10000)
   the space 12288K,  29% used [0x42b10000, 0x42e92340, 0x42e92400, 0x43710000)
No shared spaces configured.
}
Event: 3.914 GC heap before
{Heap before GC invocations=38 (full 5):
 def new generation   total 37952K, used 37952K [0x02b10000, 0x05430000, 0x18060000)
  eden space 33792K, 100% used [0x02b10000, 0x04c10000, 0x04c10000)
  from space 4160K, 100% used [0x04c10000, 0x05020000, 0x05020000)
  to   space 4160K,   0% used [0x05020000, 0x05020000, 0x05430000)
 tenured generation   total 84160K, used 59062K [0x18060000, 0x1d290000, 0x42b10000)
   the space 84160K,  70% used [0x18060000, 0x1ba0d810, 0x1ba0da00, 0x1d290000)
 compacting perm gen  total 12288K, used 3592K [0x42b10000, 0x43710000, 0x46b10000)
   the space 12288K,  29% used [0x42b10000, 0x42e92350, 0x42e92400, 0x43710000)
No shared spaces configured.
Event: 3.952 GC heap after
Heap after GC invocations=39 (full 5):
 def new generation   total 37952K, used 4159K [0x02b10000, 0x05430000, 0x18060000)
  eden space 33792K,   0% used [0x02b10000, 0x02b10000, 0x04c10000)
  from space 4160K,  99% used [0x05020000, 0x0542fff8, 0x05430000)
  to   space 4160K,   0% used [0x04c10000, 0x04c10000, 0x05020000)
 tenured generation   total 84160K, used 64158K [0x18060000, 0x1d290000, 0x42b10000)
   the space 84160K,  76% used [0x18060000, 0x1bf07868, 0x1bf07a00, 0x1d290000)
 compacting perm gen  total 12288K, used 3592K [0x42b10000, 0x43710000, 0x46b10000)
   the space 12288K,  29% used [0x42b10000, 0x42e92350, 0x42e92400, 0x43710000)
No shared spaces configured.
}
Event: 4.047 GC heap before
{Heap before GC invocations=39 (full 5):
 def new generation   total 37952K, used 37951K [0x02b10000, 0x05430000, 0x18060000)
  eden space 33792K, 100% used [0x02b10000, 0x04c10000, 0x04c10000)
  from space 4160K,  99% used [0x05020000, 0x0542fff8, 0x05430000)
  to   space 4160K,   0% used [0x04c10000, 0x04c10000, 0x05020000)
 tenured generation   total 84160K, used 64158K [0x18060000, 0x1d290000, 0x42b10000)
   the space 84160K,  76% used [0x18060000, 0x1bf07868, 0x1bf07a00, 0x1d290000)
 compacting perm gen  total 12288K, used 3592K [0x42b10000, 0x43710000, 0x46b10000)
   the space 12288K,  29% used [0x42b10000, 0x42e92350, 0x42e92400, 0x43710000)
No shared spaces configured.
Event: 4.086 GC heap after
Heap after GC invocations=40 (full 5):
 def new generation   total 37952K, used 4159K [0x02b10000, 0x05430000, 0x18060000)
  eden space 33792K,   0% used [0x02b10000, 0x02b10000, 0x04c10000)
  from space 4160K,  99% used [0x04c10000, 0x0501fff8, 0x05020000)
  to   space 4160K,   0% used [0x05020000, 0x05020000, 0x05430000)
 tenured generation   total 84160K, used 69189K [0x18060000, 0x1d290000, 0x42b10000)
   the space 84160K,  82% used [0x18060000, 0x1c3f14a8, 0x1c3f1600, 0x1d290000)
 compacting perm gen  total 12288K, used 3592K [0x42b10000, 0x43710000, 0x46b10000)
   the space 12288K,  29% used [0x42b10000, 0x42e92350, 0x42e92400, 0x43710000)
No shared spaces configured.
}
Event: 4.222 GC heap before
{Heap before GC invocations=40 (full 5):
 def new generation   total 37952K, used 37951K [0x02b10000, 0x05430000, 0x18060000)
  eden space 33792K, 100% used [0x02b10000, 0x04c10000, 0x04c10000)
  from space 4160K,  99% used [0x04c10000, 0x0501fff8, 0x05020000)
  to   space 4160K,   0% used [0x05020000, 0x05020000, 0x05430000)
 tenured generation   total 84160K, used 69189K [0x18060000, 0x1d290000, 0x42b10000)
   the space 84160K,  82% used [0x18060000, 0x1c3f14a8, 0x1c3f1600, 0x1d290000)
 compacting perm gen  total 12288K, used 3592K [0x42b10000, 0x43710000, 0x46b10000)
   the space 12288K,  29% used [0x42b10000, 0x42e92350, 0x42e92400, 0x43710000)
No shared spaces configured.
Event: 4.267 GC heap after
Heap after GC invocations=41 (full 5):
 def new generation   total 37952K, used 4160K [0x02b10000, 0x05430000, 0x18060000)
  eden space 33792K,   0% used [0x02b10000, 0x02b10000, 0x04c10000)
  from space 4160K, 100% used [0x05020000, 0x05430000, 0x05430000)
  to   space 4160K,   0% used [0x04c10000, 0x04c10000, 0x05020000)
 tenured generation   total 84160K, used 76348K [0x18060000, 0x1d290000, 0x42b10000)
   the space 84160K,  90% used [0x18060000, 0x1caef188, 0x1caef200, 0x1d290000)
 compacting perm gen  total 12288K, used 3592K [0x42b10000, 0x43710000, 0x46b10000)
   the space 12288K,  29% used [0x42b10000, 0x42e92350, 0x42e92400, 0x43710000)
No shared spaces configured.
}
Event: 4.737 GC heap before
{Heap before GC invocations=41 (full 5):
 def new generation   total 37952K, used 37952K [0x02b10000, 0x05430000, 0x18060000)
  eden space 33792K, 100% used [0x02b10000, 0x04c10000, 0x04c10000)
  from space 4160K, 100% used [0x05020000, 0x05430000, 0x05430000)
  to   space 4160K,   0% used [0x04c10000, 0x04c10000, 0x05020000)
 tenured generation   total 84160K, used 76348K [0x18060000, 0x1d290000, 0x42b10000)
   the space 84160K,  90% used [0x18060000, 0x1caef188, 0x1caef200, 0x1d290000)
 compacting perm gen  total 12288K, used 3596K [0x42b10000, 0x43710000, 0x46b10000)
   the space 12288K,  29% used [0x42b10000, 0x42e930b8, 0x42e93200, 0x43710000)
No shared spaces configured.
Event: 5.327 GC heap after
Heap after GC invocations=42 (full 6):
 def new generation   total 38592K, used 4080K [0x02b10000, 0x054e0000, 0x18060000)
  eden space 34368K,  11% used [0x02b10000, 0x02f0c388, 0x04ca0000)
  from space 4224K,   0% used [0x04ca0000, 0x04ca0000, 0x050c0000)
  to   space 4224K,   0% used [0x050c0000, 0x050c0000, 0x054e0000)
 tenured generation   total 85568K, used 85567K [0x18060000, 0x1d3f0000, 0x42b10000)
   the space 85568K,  99% used [0x18060000, 0x1d3efff8, 0x1d3f0000, 0x1d3f0000)
 compacting perm gen  total 12288K, used 3596K [0x42b10000, 0x43710000, 0x46b10000)
   the space 12288K,  29% used [0x42b10000, 0x42e930b8, 0x42e93200, 0x43710000)
No shared spaces configured.
}
Event: 5.348 GC heap before
{Heap before GC invocations=42 (full 6):
 def new generation   total 38592K, used 34368K [0x02b10000, 0x054e0000, 0x18060000)
  eden space 34368K, 100% used [0x02b10000, 0x04ca0000, 0x04ca0000)
  from space 4224K,   0% used [0x04ca0000, 0x04ca0000, 0x050c0000)
  to   space 4224K,   0% used [0x050c0000, 0x050c0000, 0x054e0000)
 tenured generation   total 85568K, used 85567K [0x18060000, 0x1d3f0000, 0x42b10000)
   the space 85568K,  99% used [0x18060000, 0x1d3efff8, 0x1d3f0000, 0x1d3f0000)
 compacting perm gen  total 12288K, used 3596K [0x42b10000, 0x43710000, 0x46b10000)
   the space 12288K,  29% used [0x42b10000, 0x42e930b8, 0x42e93200, 0x43710000)
No shared spaces configured.

